<?xml version="1.0" encoding="UTF-8"?>
<coverage generated="1508436839992" clover="3.2.0">
  <project timestamp="1508436839992" name="All files">
    <metrics statements="13" coveredstatements="8" conditionals="2" coveredconditionals="1" methods="8" coveredmethods="4" elements="23" coveredelements="13" complexity="0" loc="13" ncloc="13" packages="1" files="2" classes="2">
      <file name="add.js" path="/Users/olehlustenko/projects/unit-testing-workshop/src/actions/add.js">
        <metrics statements="4" coveredstatements="0" conditionals="0" coveredconditionals="0" methods="4" coveredmethods="0"/>
        <line num="2" count="0" type="stmt"/>
        <line num="6" count="0" type="stmt"/>
        <line num="14" count="0" type="stmt"/>
        <line num="18" count="0" type="stmt"/>
      </file>
      <file name="auth.js" path="/Users/olehlustenko/projects/unit-testing-workshop/src/actions/auth.js">
        <metrics statements="9" coveredstatements="8" conditionals="2" coveredconditionals="1" methods="4" coveredmethods="4"/>
        <line num="16" count="1" type="stmt"/>
        <line num="21" count="7" type="stmt"/>
        <line num="26" count="6" type="stmt"/>
        <line num="30" count="6" type="stmt"/>
        <line num="33" count="6" type="stmt"/>
        <line num="38" count="6" type="stmt"/>
        <line num="42" count="6" type="cond" truecount="1" falsecount="1"/>
        <line num="43" count="0" type="stmt"/>
        <line num="96" count="1" type="stmt"/>
      </file>
    </metrics>
  </project>
</coverage>
