{"/Users/olehlustenko/projects/unit-testing-workshop/src/actions/add.js": {"path":"/Users/olehlustenko/projects/unit-testing-workshop/src/actions/add.js","statementMap":{"0":{"start":{"line":2,"column":2},"end":{"line":2,"column":15}},"1":{"start":{"line":6,"column":2},"end":{"line":6,"column":19}},"2":{"start":{"line":14,"column":2},"end":{"line":14,"column":25}},"3":{"start":{"line":18,"column":2},"end":{"line":18,"column":13}}},"fnMap":{"0":{"name":"add","decl":{"start":{"line":1,"column":16},"end":{"line":1,"column":19}},"loc":{"start":{"line":1,"column":26},"end":{"line":3,"column":1}},"line":1},"1":{"name":"add2","decl":{"start":{"line":5,"column":16},"end":{"line":5,"column":20}},"loc":{"start":{"line":5,"column":30},"end":{"line":7,"column":1}},"line":5},"2":{"name":"calc","decl":{"start":{"line":13,"column":9},"end":{"line":13,"column":13}},"loc":{"start":{"line":13,"column":17},"end":{"line":15,"column":1}},"line":13},"3":{"name":"addStub","decl":{"start":{"line":17,"column":9},"end":{"line":17,"column":16}},"loc":{"start":{"line":17,"column":19},"end":{"line":19,"column":1}},"line":17}},"branchMap":{},"s":{"0":0,"1":0,"2":0,"3":0},"f":{"0":0,"1":0,"2":0,"3":0},"b":{},"_coverageSchema":"332fd63041d2c1bcb487cc26dd0d5f7d97098a6c","hash":"7bf4394ee24516e6a5a9fe9bc598d030bf3020a5"}
,"/Users/olehlustenko/projects/unit-testing-workshop/src/actions/auth.js": {"path":"/Users/olehlustenko/projects/unit-testing-workshop/src/actions/auth.js","statementMap":{"0":{"start":{"line":16,"column":33},"end":{"line":94,"column":1}},"1":{"start":{"line":21,"column":5},"end":{"line":94,"column":1}},"2":{"start":{"line":26,"column":5},"end":{"line":94,"column":1}},"3":{"start":{"line":30,"column":2},"end":{"line":93,"column":4}},"4":{"start":{"line":33,"column":25},"end":{"line":36,"column":6}},"5":{"start":{"line":38,"column":4},"end":{"line":40,"column":6}},"6":{"start":{"line":42,"column":4},"end":{"line":44,"column":5}},"7":{"start":{"line":43,"column":6},"end":{"line":43,"column":24}},"8":{"start":{"line":96,"column":26},"end":{"line":98,"column":1}}},"fnMap":{"0":{"name":"(anonymous_0)","decl":{"start":{"line":16,"column":33},"end":{"line":16,"column":34}},"loc":{"start":{"line":21,"column":5},"end":{"line":94,"column":1}},"line":21},"1":{"name":"(anonymous_1)","decl":{"start":{"line":21,"column":5},"end":{"line":21,"column":6}},"loc":{"start":{"line":26,"column":5},"end":{"line":94,"column":1}},"line":26},"2":{"name":"(anonymous_2)","decl":{"start":{"line":26,"column":5},"end":{"line":26,"column":6}},"loc":{"start":{"line":29,"column":5},"end":{"line":94,"column":1}},"line":29},"3":{"name":"(anonymous_3)","decl":{"start":{"line":30,"column":9},"end":{"line":30,"column":10}},"loc":{"start":{"line":30,"column":21},"end":{"line":93,"column":3}},"line":30}},"branchMap":{"0":{"loc":{"start":{"line":42,"column":4},"end":{"line":44,"column":5}},"type":"if","locations":[{"start":{"line":42,"column":4},"end":{"line":44,"column":5}},{"start":{"line":42,"column":4},"end":{"line":44,"column":5}}],"line":42}},"s":{"0":1,"1":7,"2":6,"3":6,"4":6,"5":6,"6":6,"7":0,"8":1},"f":{"0":7,"1":6,"2":6,"3":6},"b":{"0":[0,6]},"_coverageSchema":"332fd63041d2c1bcb487cc26dd0d5f7d97098a6c","hash":"8468cdbe15673f86e64e1b2cc433ff46475ac544"}
}
