TN:
SF:/Users/olehlustenko/projects/unit-testing-workshop/src/actions/add.js
FN:1,add
FN:5,add2
FN:13,calc
FN:17,addStub
FNF:4
FNH:0
FNDA:0,add
FNDA:0,add2
FNDA:0,calc
FNDA:0,addStub
DA:2,0
DA:6,0
DA:14,0
DA:18,0
LF:4
LH:0
BRF:0
BRH:0
end_of_record
TN:
SF:/Users/olehlustenko/projects/unit-testing-workshop/src/actions/auth.js
FN:16,(anonymous_0)
FN:21,(anonymous_1)
FN:26,(anonymous_2)
FN:30,(anonymous_3)
FNF:4
FNH:4
FNDA:7,(anonymous_0)
FNDA:6,(anonymous_1)
FNDA:6,(anonymous_2)
FNDA:6,(anonymous_3)
DA:16,1
DA:21,7
DA:26,6
DA:30,6
DA:33,6
DA:38,6
DA:42,6
DA:43,0
DA:96,1
LF:9
LH:8
BRDA:42,0,0,0
BRDA:42,0,1,6
BRF:2
BRH:1
end_of_record
